# JRE version: Java(TM) SE Runtime Environment (8.0_221-b11) (build 1.8.0_221-b11)
# Java VM: Java HotSpot(TM) 64-Bit Server VM (25.221-b11 mixed mode windows-amd64 compressed oops)
Heap:
 par new generation   total 613440K, used 64914K [0x00000005c8000000, 0x00000005f1990000, 0x00000005f1990000)
  eden space 545344K,   4% used [0x00000005c8000000, 0x00000005c95b68a0, 0x00000005e9490000)
  from space 68096K,  62% used [0x00000005ed710000, 0x00000005f00be260, 0x00000005f1990000)
  to   space 68096K,   0% used [0x00000005e9490000, 0x00000005e9490000, 0x00000005ed710000)
 concurrent mark-sweep generation total 7576000K, used 2398413K [0x00000005f1990000, 0x00000007c0000000, 0x00000007c0000000)
 Metaspace       used 104919K, capacity 112983K, committed 113452K, reserved 1144832K
  class space    used 14983K, capacity 17339K, committed 17608K, reserved 1048576K
GC Heap History (10 events):
Event: 53.765 GC heap before
{Heap before GC invocations=116 (full 3):
 par new generation   total 613440K, used 613440K [0x00000005c8000000, 0x00000005f1990000, 0x00000005f1990000)
  eden space 545344K, 100% used [0x00000005c8000000, 0x00000005e9490000, 0x00000005e9490000)
  from space 68096K, 100% used [0x00000005e9490000, 0x00000005ed710000, 0x00000005ed710000)
  to   space 68096K,   0% used [0x00000005ed710000, 0x00000005ed710000, 0x00000005f1990000)
 concurrent mark-sweep generation total 7576000K, used 1792419K [0x00000005f1990000, 0x00000007c0000000, 0x00000007c0000000)
 Metaspace       used 103839K, capacity 111551K, committed 111916K, reserved 1144832K
  class space    used 14857K, capacity 17155K, committed 17352K, reserved 1048576K
Event: 53.948 GC heap after
Heap after GC invocations=117 (full 3):
 par new generation   total 613440K, used 68096K [0x00000005c8000000, 0x00000005f1990000, 0x00000005f1990000)
  eden space 545344K,   0% used [0x00000005c8000000, 0x00000005c8000000, 0x00000005e9490000)
  from space 68096K, 100% used [0x00000005ed710000, 0x00000005f1990000, 0x00000005f1990000)
  to   space 68096K,   0% used [0x00000005e9490000, 0x00000005e9490000, 0x00000005ed710000)
 concurrent mark-sweep generation total 7576000K, used 1954694K [0x00000005f1990000, 0x00000007c0000000, 0x00000007c0000000)
 Metaspace       used 103839K, capacity 111551K, committed 111916K, reserved 1144832K
  class space    used 14857K, capacity 17155K, committed 17352K, reserved 1048576K
}
Event: 54.552 GC heap before
{Heap before GC invocations=117 (full 3):
 par new generation   total 613440K, used 613440K [0x00000005c8000000, 0x00000005f1990000, 0x00000005f1990000)
  eden space 545344K, 100% used [0x00000005c8000000, 0x00000005e9490000, 0x00000005e9490000)
  from space 68096K, 100% used [0x00000005ed710000, 0x00000005f1990000, 0x00000005f1990000)
  to   space 68096K,   0% used [0x00000005e9490000, 0x00000005e9490000, 0x00000005ed710000)
 concurrent mark-sweep generation total 7576000K, used 1954694K [0x00000005f1990000, 0x00000007c0000000, 0x00000007c0000000)
 Metaspace       used 103839K, capacity 111551K, committed 111916K, reserved 1144832K
  class space    used 14857K, capacity 17155K, committed 17352K, reserved 1048576K
Event: 54.735 GC heap after
Heap after GC invocations=118 (full 3):
 par new generation   total 613440K, used 68096K [0x00000005c8000000, 0x00000005f1990000, 0x00000005f1990000)
  eden space 545344K,   0% used [0x00000005c8000000, 0x00000005c8000000, 0x00000005e9490000)
  from space 68096K, 100% used [0x00000005e9490000, 0x00000005ed710000, 0x00000005ed710000)
  to   space 68096K,   0% used [0x00000005ed710000, 0x00000005ed710000, 0x00000005f1990000)
 concurrent mark-sweep generation total 7576000K, used 2114482K [0x00000005f1990000, 0x00000007c0000000, 0x00000007c0000000)
 Metaspace       used 103839K, capacity 111551K, committed 111916K, reserved 1144832K
  class space    used 14857K, capacity 17155K, committed 17352K, reserved 1048576K
}
Event: 55.307 GC heap before
{Heap before GC invocations=118 (full 3):
 par new generation   total 613440K, used 613440K [0x00000005c8000000, 0x00000005f1990000, 0x00000005f1990000)
  eden space 545344K, 100% used [0x00000005c8000000, 0x00000005e9490000, 0x00000005e9490000)
  from space 68096K, 100% used [0x00000005e9490000, 0x00000005ed710000, 0x00000005ed710000)
  to   space 68096K,   0% used [0x00000005ed710000, 0x00000005ed710000, 0x00000005f1990000)
 concurrent mark-sweep generation total 7576000K, used 2114482K [0x00000005f1990000, 0x00000007c0000000, 0x00000007c0000000)
 Metaspace       used 103839K, capacity 111551K, committed 111916K, reserved 1144832K
  class space    used 14857K, capacity 17155K, committed 17352K, reserved 1048576K
Event: 55.504 GC heap after
Heap after GC invocations=119 (full 3):
 par new generation   total 613440K, used 68096K [0x00000005c8000000, 0x00000005f1990000, 0x00000005f1990000)
  eden space 545344K,   0% used [0x00000005c8000000, 0x00000005c8000000, 0x00000005e9490000)
  from space 68096K, 100% used [0x00000005ed710000, 0x00000005f1990000, 0x00000005f1990000)
  to   space 68096K,   0% used [0x00000005e9490000, 0x00000005e9490000, 0x00000005ed710000)
 concurrent mark-sweep generation total 7576000K, used 2285876K [0x00000005f1990000, 0x00000007c0000000, 0x00000007c0000000)
 Metaspace       used 103839K, capacity 111551K, committed 111916K, reserved 1144832K
  class space    used 14857K, capacity 17155K, committed 17352K, reserved 1048576K
}
Event: 56.044 GC heap before
{Heap before GC invocations=119 (full 3):
 par new generation   total 613440K, used 613440K [0x00000005c8000000, 0x00000005f1990000, 0x00000005f1990000)
  eden space 545344K, 100% used [0x00000005c8000000, 0x00000005e9490000, 0x00000005e9490000)
  from space 68096K, 100% used [0x00000005ed710000, 0x00000005f1990000, 0x00000005f1990000)
  to   space 68096K,   0% used [0x00000005e9490000, 0x00000005e9490000, 0x00000005ed710000)
 concurrent mark-sweep generation total 7576000K, used 2285876K [0x00000005f1990000, 0x00000007c0000000, 0x00000007c0000000)
 Metaspace       used 103847K, capacity 111557K, committed 111916K, reserved 1144832K
  class space    used 14859K, capacity 17156K, committed 17352K, reserved 1048576K
Event: 56.132 GC heap after
Heap after GC invocations=120 (full 3):
 par new generation   total 613440K, used 68096K [0x00000005c8000000, 0x00000005f1990000, 0x00000005f1990000)
  eden space 545344K,   0% used [0x00000005c8000000, 0x00000005c8000000, 0x00000005e9490000)
  from space 68096K, 100% used [0x00000005e9490000, 0x00000005ed710000, 0x00000005ed710000)
  to   space 68096K,   0% used [0x00000005ed710000, 0x00000005ed710000, 0x00000005f1990000)
 concurrent mark-sweep generation total 7576000K, used 2359461K [0x00000005f1990000, 0x00000007c0000000, 0x00000007c0000000)
 Metaspace       used 103847K, capacity 111557K, committed 111916K, reserved 1144832K
  class space    used 14859K, capacity 17156K, committed 17352K, reserved 1048576K
}
Event: 83.282 GC heap before
{Heap before GC invocations=120 (full 3):
 par new generation   total 613440K, used 613440K [0x00000005c8000000, 0x00000005f1990000, 0x00000005f1990000)
  eden space 545344K, 100% used [0x00000005c8000000, 0x00000005e9490000, 0x00000005e9490000)
  from space 68096K, 100% used [0x00000005e9490000, 0x00000005ed710000, 0x00000005ed710000)
  to   space 68096K,   0% used [0x00000005ed710000, 0x00000005ed710000, 0x00000005f1990000)
 concurrent mark-sweep generation total 7576000K, used 2359461K [0x00000005f1990000, 0x00000007c0000000, 0x00000007c0000000)
 Metaspace       used 104904K, capacity 112983K, committed 113452K, reserved 1144832K
  class space    used 14981K, capacity 17339K, committed 17608K, reserved 1048576K
Event: 83.340 GC heap after
Heap after GC invocations=121 (full 3):
 par new generation   total 613440K, used 42680K [0x00000005c8000000, 0x00000005f1990000, 0x00000005f1990000)
  eden space 545344K,   0% used [0x00000005c8000000, 0x00000005c8000000, 0x00000005e9490000)
  from space 68096K,  62% used [0x00000005ed710000, 0x00000005f00be260, 0x00000005f1990000)
  to   space 68096K,   0% used [0x00000005e9490000, 0x00000005e9490000, 0x00000005ed710000)
 concurrent mark-sweep generation total 7576000K, used 2398413K [0x00000005f1990000, 0x00000007c0000000, 0x00000007c0000000)
 Metaspace       used 104904K, capacity 112983K, committed 113452K, reserved 1144832K
  class space    used 14981K, capacity 17339K, committed 17608K, reserved 1048576K
}

