# JRE version: Java(TM) SE Runtime Environment (8.0_221-b11) (build 1.8.0_221-b11)
# Java VM: Java HotSpot(TM) 64-Bit Server VM (25.221-b11 mixed mode windows-amd64 compressed oops)
Heap:
 par new generation   total 613440K, used 130397K [0x00000005c8000000, 0x00000005f1990000, 0x00000005f1990000)
  eden space 545344K,  14% used [0x00000005c8000000, 0x00000005ccf0d158, 0x00000005e9490000)
  from space 68096K,  72% used [0x00000005ed710000, 0x00000005f075a370, 0x00000005f1990000)
  to   space 68096K,   0% used [0x00000005e9490000, 0x00000005e9490000, 0x00000005ed710000)
 concurrent mark-sweep generation total 7576000K, used 2413823K [0x00000005f1990000, 0x00000007c0000000, 0x00000007c0000000)
 Metaspace       used 98205K, capacity 106152K, committed 106308K, reserved 1138688K
  class space    used 14058K, capacity 16181K, committed 16224K, reserved 1048576K
GC Heap History (10 events):
Event: 55.949 GC heap before
{Heap before GC invocations=116 (full 3):
 par new generation   total 613440K, used 613440K [0x00000005c8000000, 0x00000005f1990000, 0x00000005f1990000)
  eden space 545344K, 100% used [0x00000005c8000000, 0x00000005e9490000, 0x00000005e9490000)
  from space 68096K, 100% used [0x00000005e9490000, 0x00000005ed710000, 0x00000005ed710000)
  to   space 68096K,   0% used [0x00000005ed710000, 0x00000005ed710000, 0x00000005f1990000)
 concurrent mark-sweep generation total 7576000K, used 2010257K [0x00000005f1990000, 0x00000007c0000000, 0x00000007c0000000)
 Metaspace       used 96950K, capacity 104488K, committed 104644K, reserved 1138688K
  class space    used 13907K, capacity 15969K, committed 16096K, reserved 1048576K
Event: 56.127 GC heap after
Heap after GC invocations=117 (full 3):
 par new generation   total 613440K, used 68096K [0x00000005c8000000, 0x00000005f1990000, 0x00000005f1990000)
  eden space 545344K,   0% used [0x00000005c8000000, 0x00000005c8000000, 0x00000005e9490000)
  from space 68096K, 100% used [0x00000005ed710000, 0x00000005f1990000, 0x00000005f1990000)
  to   space 68096K,   0% used [0x00000005e9490000, 0x00000005e9490000, 0x00000005ed710000)
 concurrent mark-sweep generation total 7576000K, used 2162134K [0x00000005f1990000, 0x00000007c0000000, 0x00000007c0000000)
 Metaspace       used 96950K, capacity 104488K, committed 104644K, reserved 1138688K
  class space    used 13907K, capacity 15969K, committed 16096K, reserved 1048576K
}
Event: 56.664 GC heap before
{Heap before GC invocations=117 (full 3):
 par new generation   total 613440K, used 613440K [0x00000005c8000000, 0x00000005f1990000, 0x00000005f1990000)
  eden space 545344K, 100% used [0x00000005c8000000, 0x00000005e9490000, 0x00000005e9490000)
  from space 68096K, 100% used [0x00000005ed710000, 0x00000005f1990000, 0x00000005f1990000)
  to   space 68096K,   0% used [0x00000005e9490000, 0x00000005e9490000, 0x00000005ed710000)
 concurrent mark-sweep generation total 7576000K, used 2162134K [0x00000005f1990000, 0x00000007c0000000, 0x00000007c0000000)
 Metaspace       used 96955K, capacity 104488K, committed 104644K, reserved 1138688K
  class space    used 13908K, capacity 15969K, committed 16096K, reserved 1048576K
Event: 56.851 GC heap after
Heap after GC invocations=118 (full 3):
 par new generation   total 613440K, used 68096K [0x00000005c8000000, 0x00000005f1990000, 0x00000005f1990000)
  eden space 545344K,   0% used [0x00000005c8000000, 0x00000005c8000000, 0x00000005e9490000)
  from space 68096K, 100% used [0x00000005e9490000, 0x00000005ed710000, 0x00000005ed710000)
  to   space 68096K,   0% used [0x00000005ed710000, 0x00000005ed710000, 0x00000005f1990000)
 concurrent mark-sweep generation total 7576000K, used 2315081K [0x00000005f1990000, 0x00000007c0000000, 0x00000007c0000000)
 Metaspace       used 96955K, capacity 104488K, committed 104644K, reserved 1138688K
  class space    used 13908K, capacity 15969K, committed 16096K, reserved 1048576K
}
Event: 57.321 GC heap before
{Heap before GC invocations=118 (full 3):
 par new generation   total 613440K, used 613440K [0x00000005c8000000, 0x00000005f1990000, 0x00000005f1990000)
  eden space 545344K, 100% used [0x00000005c8000000, 0x00000005e9490000, 0x00000005e9490000)
  from space 68096K, 100% used [0x00000005e9490000, 0x00000005ed710000, 0x00000005ed710000)
  to   space 68096K,   0% used [0x00000005ed710000, 0x00000005ed710000, 0x00000005f1990000)
 concurrent mark-sweep generation total 7576000K, used 2315081K [0x00000005f1990000, 0x00000007c0000000, 0x00000007c0000000)
 Metaspace       used 96959K, capacity 104494K, committed 104644K, reserved 1138688K
  class space    used 13909K, capacity 15970K, committed 16096K, reserved 1048576K
Event: 57.414 GC heap after
Heap after GC invocations=119 (full 3):
 par new generation   total 613440K, used 68096K [0x00000005c8000000, 0x00000005f1990000, 0x00000005f1990000)
  eden space 545344K,   0% used [0x00000005c8000000, 0x00000005c8000000, 0x00000005e9490000)
  from space 68096K, 100% used [0x00000005ed710000, 0x00000005f1990000, 0x00000005f1990000)
  to   space 68096K,   0% used [0x00000005e9490000, 0x00000005e9490000, 0x00000005ed710000)
 concurrent mark-sweep generation total 7576000K, used 2388474K [0x00000005f1990000, 0x00000007c0000000, 0x00000007c0000000)
 Metaspace       used 96959K, capacity 104494K, committed 104644K, reserved 1138688K
  class space    used 13909K, capacity 15970K, committed 16096K, reserved 1048576K
}
Event: 57.974 GC heap before
{Heap before GC invocations=119 (full 3):
 par new generation   total 613440K, used 613440K [0x00000005c8000000, 0x00000005f1990000, 0x00000005f1990000)
  eden space 545344K, 100% used [0x00000005c8000000, 0x00000005e9490000, 0x00000005e9490000)
  from space 68096K, 100% used [0x00000005ed710000, 0x00000005f1990000, 0x00000005f1990000)
  to   space 68096K,   0% used [0x00000005e9490000, 0x00000005e9490000, 0x00000005ed710000)
 concurrent mark-sweep generation total 7576000K, used 2388474K [0x00000005f1990000, 0x00000007c0000000, 0x00000007c0000000)
 Metaspace       used 97092K, capacity 104600K, committed 104900K, reserved 1138688K
  class space    used 13928K, capacity 15989K, committed 16096K, reserved 1048576K
Event: 57.997 GC heap after
Heap after GC invocations=120 (full 3):
 par new generation   total 613440K, used 61411K [0x00000005c8000000, 0x00000005f1990000, 0x00000005f1990000)
  eden space 545344K,   0% used [0x00000005c8000000, 0x00000005c8000000, 0x00000005e9490000)
  from space 68096K,  90% used [0x00000005e9490000, 0x00000005ed088e68, 0x00000005ed710000)
  to   space 68096K,   0% used [0x00000005ed710000, 0x00000005ed710000, 0x00000005f1990000)
 concurrent mark-sweep generation total 7576000K, used 2388474K [0x00000005f1990000, 0x00000007c0000000, 0x00000007c0000000)
 Metaspace       used 97092K, capacity 104600K, committed 104900K, reserved 1138688K
  class space    used 13928K, capacity 15989K, committed 16096K, reserved 1048576K
}
Event: 92.960 GC heap before
{Heap before GC invocations=120 (full 3):
 par new generation   total 613440K, used 606755K [0x00000005c8000000, 0x00000005f1990000, 0x00000005f1990000)
  eden space 545344K, 100% used [0x00000005c8000000, 0x00000005e9490000, 0x00000005e9490000)
  from space 68096K,  90% used [0x00000005e9490000, 0x00000005ed088e68, 0x00000005ed710000)
  to   space 68096K,   0% used [0x00000005ed710000, 0x00000005ed710000, 0x00000005f1990000)
 concurrent mark-sweep generation total 7576000K, used 2388474K [0x00000005f1990000, 0x00000007c0000000, 0x00000007c0000000)
 Metaspace       used 97934K, capacity 105928K, committed 106052K, reserved 1138688K
  class space    used 14023K, capacity 16123K, committed 16224K, reserved 1048576K
Event: 92.993 GC heap after
Heap after GC invocations=121 (full 3):
 par new generation   total 613440K, used 49448K [0x00000005c8000000, 0x00000005f1990000, 0x00000005f1990000)
  eden space 545344K,   0% used [0x00000005c8000000, 0x00000005c8000000, 0x00000005e9490000)
  from space 68096K,  72% used [0x00000005ed710000, 0x00000005f075a370, 0x00000005f1990000)
  to   space 68096K,   0% used [0x00000005e9490000, 0x00000005e9490000, 0x00000005ed710000)
 concurrent mark-sweep generation total 7576000K, used 2413823K [0x00000005f1990000, 0x00000007c0000000, 0x00000007c0000000)
 Metaspace       used 97934K, capacity 105928K, committed 106052K, reserved 1138688K
  class space    used 14023K, capacity 16123K, committed 16224K, reserved 1048576K
}

